running egg_info
creating ../build/task1/task1.egg-info
writing ../build/task1/task1.egg-info/PKG-INFO
writing dependency_links to ../build/task1/task1.egg-info/dependency_links.txt
writing entry points to ../build/task1/task1.egg-info/entry_points.txt
writing requirements to ../build/task1/task1.egg-info/requires.txt
writing top-level names to ../build/task1/task1.egg-info/top_level.txt
writing manifest file '../build/task1/task1.egg-info/SOURCES.txt'
reading manifest file '../build/task1/task1.egg-info/SOURCES.txt'
writing manifest file '../build/task1/task1.egg-info/SOURCES.txt'
running build
running build_py
creating /home/ayush/ros2_ws/src/task1/build/task1/build
creating /home/ayush/ros2_ws/src/task1/build/task1/build/lib
creating /home/ayush/ros2_ws/src/task1/build/task1/build/lib/task1
copying task1/__init__.py -> /home/ayush/ros2_ws/src/task1/build/task1/build/lib/task1
running install
running install_lib
creating /home/ayush/ros2_ws/src/task1/install/task1/lib/python3.10/site-packages/task1
copying /home/ayush/ros2_ws/src/task1/build/task1/build/lib/task1/__init__.py -> /home/ayush/ros2_ws/src/task1/install/task1/lib/python3.10/site-packages/task1
byte-compiling /home/ayush/ros2_ws/src/task1/install/task1/lib/python3.10/site-packages/task1/__init__.py to __init__.cpython-310.pyc
running install_data
creating /home/ayush/ros2_ws/src/task1/install/task1/share/ament_index
creating /home/ayush/ros2_ws/src/task1/install/task1/share/ament_index/resource_index
creating /home/ayush/ros2_ws/src/task1/install/task1/share/ament_index/resource_index/packages
copying resource/task1 -> /home/ayush/ros2_ws/src/task1/install/task1/share/ament_index/resource_index/packages
copying package.xml -> /home/ayush/ros2_ws/src/task1/install/task1/share/task1
creating /home/ayush/ros2_ws/src/task1/install/task1/share/task1/launch
copying launch/gazebo.launch.py -> /home/ayush/ros2_ws/src/task1/install/task1/share/task1/launch
creating /home/ayush/ros2_ws/src/task1/install/task1/share/task1/urdf
copying urdf/robot.urdf -> /home/ayush/ros2_ws/src/task1/install/task1/share/task1/urdf
running install_egg_info
Copying ../build/task1/task1.egg-info to /home/ayush/ros2_ws/src/task1/install/task1/lib/python3.10/site-packages/task1-0.0.0-py3.10.egg-info
running install_scripts
writing list of installed files to '/home/ayush/ros2_ws/src/task1/build/task1/install.log'
